<?xml version="1.0" encoding="UTF-8"?>
<!-- Generated by org.testng.reporters.JUnitReportReporter -->
<testsuite hostname="56VF424" failures="0" tests="5" name="Test.day1" time="0.012" errors="0" timestamp="2024-07-23T15:13:09 IST" skipped="1">
  <testcase classname="Test.day1" name="personalLoan" time="0.006"/>
  <testcase classname="Test.day1" name="personalLoanMobLogin" time="0.001"/>
  <testcase classname="Test.day1" name="personalLoanMobLogin" time="0.003"/>
  <testcase classname="Test.day1" name="personalLoanMobLogin" time="0.002"/>
  <testcase classname="Test.day1" name="personalLoanwebLogin">
    <skipped/>
  </testcase> <!-- personalLoanwebLogin -->
</testsuite> <!-- Test.day1 -->
