<?xml version="1.0" encoding="UTF-8"?>
<!-- Generated by org.testng.reporters.JUnitReportReporter -->
<testsuite hostname="56VF424" failures="0" tests="1" name="Test.PS1" time="0.020" errors="0" timestamp="2024-07-23T11:32:15 IST" skipped="0">
  <testcase classname="Test.PS1" name="dhoni" time="0.020"/>
</testsuite> <!-- Test.PS1 -->
