<?xml version="1.0" encoding="UTF-8"?>
<!-- Generated by org.testng.reporters.JUnitReportReporter -->
<testsuite hostname="56VF424" failures="0" tests="1" name="Test.PS" time="0.005" errors="0" timestamp="2024-07-23T11:15:35 IST" skipped="0">
  <testcase classname="Test.PS" name="DoThis" time="0.005"/>
</testsuite> <!-- Test.PS -->
