<?xml version="1.0" encoding="UTF-8"?>
<!-- Generated by org.testng.reporters.JUnitReportReporter -->
<testsuite hostname="56VF424" failures="0" tests="3" name="Test.day2" time="0.006" errors="0" timestamp="2024-07-23T23:14:07 IST" skipped="0">
  <testcase classname="Test.day2" name="carLoan" time="0.002"/>
  <testcase classname="Test.day2" name="carLoanMobLogin" time="0.001"/>
  <testcase classname="Test.day2" name="carLoanwebLogin" time="0.003"/>
</testsuite> <!-- Test.day2 -->
